::1 - - [04/Aug/2025 16:11:34] "GET /dashboard/wildlife_dashboard.html HTTP/1.1" 200 -
::1 - - [04/Aug/2025 16:12:04] "GET /dashboard/wildlife_dashboard.html HTTP/1.1" 200 -
::1 - - [04/Aug/2025 16:12:04] code 404, message File not found
::1 - - [04/Aug/2025 16:12:04] "GET /.well-known/appspecific/com.chrome.devtools.json HTTP/1.1" 404 -
::1 - - [04/Aug/2025 16:12:04] "GET /dashboard/assets/js/supabase-dashboard.js HTTP/1.1" 200 -
::1 - - [04/Aug/2025 16:12:04] "GET /dashboard/assets/js/region-mapper.js HTTP/1.1" 304 -
::1 - - [04/Aug/2025 16:16:48] "GET /dashboard/wildlife_dashboard.html HTTP/1.1" 200 -
::1 - - [04/Aug/2025 17:17:00] "GET /dashboard/wildlife_dashboard.html HTTP/1.1" 304 -
::1 - - [04/Aug/2025 17:17:00] "GET /dashboard/assets/js/region-mapper.js HTTP/1.1" 304 -
::1 - - [04/Aug/2025 17:17:00] code 404, message File not found
::1 - - [04/Aug/2025 17:17:00] "GET /.well-known/appspecific/com.chrome.devtools.json HTTP/1.1" 404 -
::1 - - [04/Aug/2025 17:17:00] "GET /dashboard/assets/js/supabase-dashboard.js HTTP/1.1" 200 -
::1 - - [04/Aug/2025 17:18:06] "GET /dashboard/wildlife_dashboard.html HTTP/1.1" 200 -
::1 - - [04/Aug/2025 17:18:15] "GET /dashboard/wildlife_dashboard.html HTTP/1.1" 304 -
::1 - - [04/Aug/2025 17:18:15] code 404, message File not found
::1 - - [04/Aug/2025 17:18:15] "GET /.well-known/appspecific/com.chrome.devtools.json HTTP/1.1" 404 -
::1 - - [04/Aug/2025 17:19:28] "GET /dashboard/assets/js/supabase-dashboard.js?t=1754345968 HTTP/1.1" 200 -
::1 - - [04/Aug/2025 17:20:11] "GET /dashboard/wildlife_dashboard.html?cache_bust=1754346011 HTTP/1.1" 200 -
::1 - - [04/Aug/2025 17:20:46] "GET /dashboard/wildlife_dashboard.html HTTP/1.1" 200 -
::1 - - [04/Aug/2025 17:20:47] code 404, message File not found
::1 - - [04/Aug/2025 17:20:47] "GET /.well-known/appspecific/com.chrome.devtools.json HTTP/1.1" 404 -
::1 - - [04/Aug/2025 17:20:47] "GET /dashboard/assets/js/supabase-dashboard.js?v=1.1 HTTP/1.1" 200 -
::1 - - [04/Aug/2025 17:26:41] "GET /dashboard/wildlife_dashboard.html HTTP/1.1" 200 -
::1 - - [04/Aug/2025 17:26:41] code 404, message File not found
::1 - - [04/Aug/2025 17:26:41] "GET /.well-known/appspecific/com.chrome.devtools.json HTTP/1.1" 404 -
::1 - - [04/Aug/2025 17:26:41] "GET /dashboard/assets/js/supabase-dashboard.js?v=1.2 HTTP/1.1" 200 -
::1 - - [04/Aug/2025 17:26:41] "GET /dashboard/assets/js/region-mapper.js HTTP/1.1" 304 -
::1 - - [04/Aug/2025 17:27:08] code 404, message File not found
::1 - - [04/Aug/2025 17:27:08] "GET /.well-known/appspecific/com.chrome.devtools.json HTTP/1.1" 404 -
::1 - - [04/Aug/2025 17:30:50] "GET /dashboard/wildlife_dashboard.html HTTP/1.1" 200 -
::1 - - [04/Aug/2025 17:30:50] "GET /dashboard/assets/js/supabase-dashboard.js?v=1.3 HTTP/1.1" 200 -
::1 - - [04/Aug/2025 17:30:50] code 404, message File not found
::1 - - [04/Aug/2025 17:30:50] "GET /.well-known/appspecific/com.chrome.devtools.json HTTP/1.1" 404 -
::1 - - [05/Aug/2025 12:00:53] "GET /dashboard/wildlife_dashboard.html HTTP/1.1" 200 -
::1 - - [05/Aug/2025 12:00:53] code 404, message File not found
::1 - - [05/Aug/2025 12:00:53] "GET /.well-known/appspecific/com.chrome.devtools.json HTTP/1.1" 404 -
::1 - - [05/Aug/2025 12:00:53] "GET /dashboard/assets/js/supabase-dashboard.js?v=1.4 HTTP/1.1" 200 -
::1 - - [05/Aug/2025 12:00:53] "GET /dashboard/assets/js/supabase-config.js HTTP/1.1" 304 -
::1 - - [05/Aug/2025 12:00:53] "GET /dashboard/assets/js/region-mapper.js HTTP/1.1" 304 -
